<?xml version="1.0" encoding="UTF-8"?>
<!-- Generated by org.testng.reporters.JUnitReportReporter -->
<testsuite hostname="DESKTOP-E83PQSV" failures="0" tests="1" name="testCases.RnC_LoginTest" time="1.837" errors="0" timestamp="2024-12-19T04:28:18 GST" skipped="0">
  <testcase classname="testCases.RnC_LoginTest" name="verify_login" time="1.837"/>
</testsuite> <!-- testCases.RnC_LoginTest -->
