<?xml version="1.0" encoding="UTF-8"?>
<!-- Generated by org.testng.reporters.JUnitReportReporter -->
<testsuite hostname="DESKTOP-E83PQSV" failures="0" tests="1" name="testCases.RnC_Login_DDT" time="22.157" errors="0" timestamp="2024-12-19T04:12:38 GST" skipped="0">
  <testcase classname="testCases.RnC_Login_DDT" name="login" time="22.157"/>
</testsuite> <!-- testCases.RnC_Login_DDT -->
