<?xml version="1.0" encoding="UTF-8"?>
<!-- Generated by org.testng.reporters.JUnitReportReporter -->
<testsuite hostname="DESKTOP-E83PQSV" failures="0" tests="6" name="testCases.RnC_TestClass" time="52.442" errors="0" timestamp="2024-12-19T05:03:18 GST" skipped="0">
  <testcase classname="testCases.RnC_TestClass" name="testRegister" time="3.325"/>
  <testcase classname="testCases.RnC_TestClass" name="static_ValidLogin" time="3.138"/>
  <testcase classname="testCases.RnC_TestClass" name="addToCart" time="10.738"/>
  <testcase classname="testCases.RnC_TestClass" name="checkOut" time="5.425"/>
  <testcase classname="testCases.RnC_TestClass" name="fbWindowHandle" time="9.878"/>
  <testcase classname="testCases.RnC_TestClass" name="verifyLoginWithValidCredentials" time="19.938"/>
</testsuite> <!-- testCases.RnC_TestClass -->
